<?xml version="1.0" encoding="UTF-8"?>
<testsuite xmlns:xsi="http://www.w3.org/2001/XMLSchema-instance" xsi:noNamespaceSchemaLocation="https://maven.apache.org/surefire/maven-surefire-plugin/xsd/surefire-test-report-3.0.xsd" version="3.0" name="StepDefinitions.TestRunner" time="11.956" tests="4" errors="0" skipped="0" failures="0">
  <properties>
    <property name="sun.desktop" value="windows"/>
    <property name="awt.toolkit" value="sun.awt.windows.WToolkit"/>
    <property name="java.specification.version" value="11"/>
    <property name="sun.cpu.isalist" value="amd64"/>
    <property name="sun.jnu.encoding" value="Cp1254"/>
    <property name="java.class.path" value="C:\repo\cucumberProject\target\test-classes;C:\repo\cucumberProject\target\classes;C:\Users\mryzn\.m2\repository\io\cucumber\cucumber-java\7.20.1\cucumber-java-7.20.1.jar;C:\Users\mryzn\.m2\repository\io\cucumber\cucumber-core\7.20.1\cucumber-core-7.20.1.jar;C:\Users\mryzn\.m2\repository\io\cucumber\cucumber-gherkin\7.20.1\cucumber-gherkin-7.20.1.jar;C:\Users\mryzn\.m2\repository\io\cucumber\cucumber-gherkin-messages\7.20.1\cucumber-gherkin-messages-7.20.1.jar;C:\Users\mryzn\.m2\repository\io\cucumber\gherkin\28.0.0\gherkin-28.0.0.jar;C:\Users\mryzn\.m2\repository\io\cucumber\messages\24.1.0\messages-24.1.0.jar;C:\Users\mryzn\.m2\repository\io\cucumber\testng-xml-formatter\0.2.0\testng-xml-formatter-0.2.0.jar;C:\Users\mryzn\.m2\repository\io\cucumber\query\12.2.0\query-12.2.0.jar;C:\Users\mryzn\.m2\repository\io\cucumber\tag-expressions\6.1.0\tag-expressions-6.1.0.jar;C:\Users\mryzn\.m2\repository\io\cucumber\cucumber-expressions\17.1.0\cucumber-expressions-17.1.0.jar;C:\Users\mryzn\.m2\repository\io\cucumber\datatable\7.20.1\datatable-7.20.1.jar;C:\Users\mryzn\.m2\repository\io\cucumber\cucumber-plugin\7.20.1\cucumber-plugin-7.20.1.jar;C:\Users\mryzn\.m2\repository\io\cucumber\docstring\7.20.1\docstring-7.20.1.jar;C:\Users\mryzn\.m2\repository\io\cucumber\html-formatter\21.7.0\html-formatter-21.7.0.jar;C:\Users\mryzn\.m2\repository\io\cucumber\junit-xml-formatter\0.5.0\junit-xml-formatter-0.5.0.jar;C:\Users\mryzn\.m2\repository\io\cucumber\ci-environment\10.0.1\ci-environment-10.0.1.jar;C:\Users\mryzn\.m2\repository\org\apiguardian\apiguardian-api\1.1.2\apiguardian-api-1.1.2.jar;C:\Users\mryzn\.m2\repository\io\cucumber\cucumber-junit\7.20.1\cucumber-junit-7.20.1.jar;C:\Users\mryzn\.m2\repository\io\github\bonigarcia\webdrivermanager\5.9.2\webdrivermanager-5.9.2.jar;C:\Users\mryzn\.m2\repository\org\slf4j\slf4j-api\2.0.13\slf4j-api-2.0.13.jar;C:\Users\mryzn\.m2\repository\com\google\code\gson\gson\2.11.0\gson-2.11.0.jar;C:\Users\mryzn\.m2\repository\com\google\errorprone\error_prone_annotations\2.27.0\error_prone_annotations-2.27.0.jar;C:\Users\mryzn\.m2\repository\com\github\docker-java\docker-java\3.4.0\docker-java-3.4.0.jar;C:\Users\mryzn\.m2\repository\com\github\docker-java\docker-java-core\3.4.0\docker-java-core-3.4.0.jar;C:\Users\mryzn\.m2\repository\com\github\docker-java\docker-java-api\3.4.0\docker-java-api-3.4.0.jar;C:\Users\mryzn\.m2\repository\com\fasterxml\jackson\core\jackson-annotations\2.10.3\jackson-annotations-2.10.3.jar;C:\Users\mryzn\.m2\repository\com\fasterxml\jackson\core\jackson-databind\2.10.3\jackson-databind-2.10.3.jar;C:\Users\mryzn\.m2\repository\com\fasterxml\jackson\core\jackson-core\2.10.3\jackson-core-2.10.3.jar;C:\Users\mryzn\.m2\repository\org\slf4j\jcl-over-slf4j\1.7.30\jcl-over-slf4j-1.7.30.jar;C:\Users\mryzn\.m2\repository\com\github\docker-java\docker-java-transport-httpclient5\3.4.0\docker-java-transport-httpclient5-3.4.0.jar;C:\Users\mryzn\.m2\repository\com\github\docker-java\docker-java-transport\3.4.0\docker-java-transport-3.4.0.jar;C:\Users\mryzn\.m2\repository\net\java\dev\jna\jna\5.13.0\jna-5.13.0.jar;C:\Users\mryzn\.m2\repository\org\brotli\dec\0.1.2\dec-0.1.2.jar;C:\Users\mryzn\.m2\repository\org\apache\commons\commons-lang3\3.15.0\commons-lang3-3.15.0.jar;C:\Users\mryzn\.m2\repository\org\apache\commons\commons-compress\1.26.2\commons-compress-1.26.2.jar;C:\Users\mryzn\.m2\repository\commons-codec\commons-codec\1.17.0\commons-codec-1.17.0.jar;C:\Users\mryzn\.m2\repository\commons-io\commons-io\2.16.1\commons-io-2.16.1.jar;C:\Users\mryzn\.m2\repository\org\apache\httpcomponents\client5\httpclient5\5.2.1\httpclient5-5.2.1.jar;C:\Users\mryzn\.m2\repository\org\apache\httpcomponents\core5\httpcore5\5.2\httpcore5-5.2.jar;C:\Users\mryzn\.m2\repository\org\apache\httpcomponents\core5\httpcore5-h2\5.2\httpcore5-h2-5.2.jar;C:\Users\mryzn\.m2\repository\junit\junit\4.13.2\junit-4.13.2.jar;C:\Users\mryzn\.m2\repository\org\hamcrest\hamcrest-core\1.3\hamcrest-core-1.3.jar;C:\Users\mryzn\.m2\repository\org\seleniumhq\selenium\selenium-java\3.141.59\selenium-java-3.141.59.jar;C:\Users\mryzn\.m2\repository\org\seleniumhq\selenium\selenium-api\3.141.59\selenium-api-3.141.59.jar;C:\Users\mryzn\.m2\repository\org\seleniumhq\selenium\selenium-chrome-driver\3.141.59\selenium-chrome-driver-3.141.59.jar;C:\Users\mryzn\.m2\repository\org\seleniumhq\selenium\selenium-edge-driver\3.141.59\selenium-edge-driver-3.141.59.jar;C:\Users\mryzn\.m2\repository\org\seleniumhq\selenium\selenium-firefox-driver\3.141.59\selenium-firefox-driver-3.141.59.jar;C:\Users\mryzn\.m2\repository\org\seleniumhq\selenium\selenium-ie-driver\3.141.59\selenium-ie-driver-3.141.59.jar;C:\Users\mryzn\.m2\repository\org\seleniumhq\selenium\selenium-opera-driver\3.141.59\selenium-opera-driver-3.141.59.jar;C:\Users\mryzn\.m2\repository\org\seleniumhq\selenium\selenium-remote-driver\3.141.59\selenium-remote-driver-3.141.59.jar;C:\Users\mryzn\.m2\repository\org\seleniumhq\selenium\selenium-safari-driver\3.141.59\selenium-safari-driver-3.141.59.jar;C:\Users\mryzn\.m2\repository\org\seleniumhq\selenium\selenium-support\3.141.59\selenium-support-3.141.59.jar;C:\Users\mryzn\.m2\repository\net\bytebuddy\byte-buddy\1.8.15\byte-buddy-1.8.15.jar;C:\Users\mryzn\.m2\repository\org\apache\commons\commons-exec\1.3\commons-exec-1.3.jar;C:\Users\mryzn\.m2\repository\com\google\guava\guava\25.0-jre\guava-25.0-jre.jar;C:\Users\mryzn\.m2\repository\com\google\code\findbugs\jsr305\1.3.9\jsr305-1.3.9.jar;C:\Users\mryzn\.m2\repository\org\checkerframework\checker-compat-qual\2.0.0\checker-compat-qual-2.0.0.jar;C:\Users\mryzn\.m2\repository\com\google\j2objc\j2objc-annotations\1.1\j2objc-annotations-1.1.jar;C:\Users\mryzn\.m2\repository\org\codehaus\mojo\animal-sniffer-annotations\1.14\animal-sniffer-annotations-1.14.jar;C:\Users\mryzn\.m2\repository\com\squareup\okhttp3\okhttp\3.11.0\okhttp-3.11.0.jar;C:\Users\mryzn\.m2\repository\com\squareup\okio\okio\1.14.0\okio-1.14.0.jar;C:\Users\mryzn\.m2\repository\org\hamcrest\hamcrest\2.2\hamcrest-2.2.jar;C:\Users\mryzn\.m2\repository\io\qameta\allure\allure-cucumber7-jvm\2.29.1\allure-cucumber7-jvm-2.29.1.jar;C:\Users\mryzn\.m2\repository\io\qameta\allure\allure-java-commons\2.29.1\allure-java-commons-2.29.1.jar;C:\Users\mryzn\.m2\repository\io\qameta\allure\allure-model\2.29.1\allure-model-2.29.1.jar;"/>
    <property name="java.vm.vendor" value="Oracle Corporation"/>
    <property name="sun.arch.data.model" value="64"/>
    <property name="user.variant" value=""/>
    <property name="java.vendor.url" value="https://openjdk.java.net/"/>
    <property name="user.timezone" value="Europe/Istanbul"/>
    <property name="java.vm.specification.version" value="11"/>
    <property name="os.name" value="Windows 11"/>
    <property name="sun.java.launcher" value="SUN_STANDARD"/>
    <property name="user.country" value="TR"/>
    <property name="sun.boot.library.path" value="C:\Program Files\Java\jdk-11\bin"/>
    <property name="sun.java.command" value="C:\Users\mryzn\AppData\Local\Temp\surefire5221715099556861274\surefirebooter-20250202151904115_3.jar C:\Users\mryzn\AppData\Local\Temp\surefire5221715099556861274 2025-02-02T15-19-03_968-jvmRun1 surefire-20250202151904115_1tmp surefire_0-20250202151904115_2tmp"/>
    <property name="jdk.debug" value="release"/>
    <property name="surefire.test.class.path" value="C:\repo\cucumberProject\target\test-classes;C:\repo\cucumberProject\target\classes;C:\Users\mryzn\.m2\repository\io\cucumber\cucumber-java\7.20.1\cucumber-java-7.20.1.jar;C:\Users\mryzn\.m2\repository\io\cucumber\cucumber-core\7.20.1\cucumber-core-7.20.1.jar;C:\Users\mryzn\.m2\repository\io\cucumber\cucumber-gherkin\7.20.1\cucumber-gherkin-7.20.1.jar;C:\Users\mryzn\.m2\repository\io\cucumber\cucumber-gherkin-messages\7.20.1\cucumber-gherkin-messages-7.20.1.jar;C:\Users\mryzn\.m2\repository\io\cucumber\gherkin\28.0.0\gherkin-28.0.0.jar;C:\Users\mryzn\.m2\repository\io\cucumber\messages\24.1.0\messages-24.1.0.jar;C:\Users\mryzn\.m2\repository\io\cucumber\testng-xml-formatter\0.2.0\testng-xml-formatter-0.2.0.jar;C:\Users\mryzn\.m2\repository\io\cucumber\query\12.2.0\query-12.2.0.jar;C:\Users\mryzn\.m2\repository\io\cucumber\tag-expressions\6.1.0\tag-expressions-6.1.0.jar;C:\Users\mryzn\.m2\repository\io\cucumber\cucumber-expressions\17.1.0\cucumber-expressions-17.1.0.jar;C:\Users\mryzn\.m2\repository\io\cucumber\datatable\7.20.1\datatable-7.20.1.jar;C:\Users\mryzn\.m2\repository\io\cucumber\cucumber-plugin\7.20.1\cucumber-plugin-7.20.1.jar;C:\Users\mryzn\.m2\repository\io\cucumber\docstring\7.20.1\docstring-7.20.1.jar;C:\Users\mryzn\.m2\repository\io\cucumber\html-formatter\21.7.0\html-formatter-21.7.0.jar;C:\Users\mryzn\.m2\repository\io\cucumber\junit-xml-formatter\0.5.0\junit-xml-formatter-0.5.0.jar;C:\Users\mryzn\.m2\repository\io\cucumber\ci-environment\10.0.1\ci-environment-10.0.1.jar;C:\Users\mryzn\.m2\repository\org\apiguardian\apiguardian-api\1.1.2\apiguardian-api-1.1.2.jar;C:\Users\mryzn\.m2\repository\io\cucumber\cucumber-junit\7.20.1\cucumber-junit-7.20.1.jar;C:\Users\mryzn\.m2\repository\io\github\bonigarcia\webdrivermanager\5.9.2\webdrivermanager-5.9.2.jar;C:\Users\mryzn\.m2\repository\org\slf4j\slf4j-api\2.0.13\slf4j-api-2.0.13.jar;C:\Users\mryzn\.m2\repository\com\google\code\gson\gson\2.11.0\gson-2.11.0.jar;C:\Users\mryzn\.m2\repository\com\google\errorprone\error_prone_annotations\2.27.0\error_prone_annotations-2.27.0.jar;C:\Users\mryzn\.m2\repository\com\github\docker-java\docker-java\3.4.0\docker-java-3.4.0.jar;C:\Users\mryzn\.m2\repository\com\github\docker-java\docker-java-core\3.4.0\docker-java-core-3.4.0.jar;C:\Users\mryzn\.m2\repository\com\github\docker-java\docker-java-api\3.4.0\docker-java-api-3.4.0.jar;C:\Users\mryzn\.m2\repository\com\fasterxml\jackson\core\jackson-annotations\2.10.3\jackson-annotations-2.10.3.jar;C:\Users\mryzn\.m2\repository\com\fasterxml\jackson\core\jackson-databind\2.10.3\jackson-databind-2.10.3.jar;C:\Users\mryzn\.m2\repository\com\fasterxml\jackson\core\jackson-core\2.10.3\jackson-core-2.10.3.jar;C:\Users\mryzn\.m2\repository\org\slf4j\jcl-over-slf4j\1.7.30\jcl-over-slf4j-1.7.30.jar;C:\Users\mryzn\.m2\repository\com\github\docker-java\docker-java-transport-httpclient5\3.4.0\docker-java-transport-httpclient5-3.4.0.jar;C:\Users\mryzn\.m2\repository\com\github\docker-java\docker-java-transport\3.4.0\docker-java-transport-3.4.0.jar;C:\Users\mryzn\.m2\repository\net\java\dev\jna\jna\5.13.0\jna-5.13.0.jar;C:\Users\mryzn\.m2\repository\org\brotli\dec\0.1.2\dec-0.1.2.jar;C:\Users\mryzn\.m2\repository\org\apache\commons\commons-lang3\3.15.0\commons-lang3-3.15.0.jar;C:\Users\mryzn\.m2\repository\org\apache\commons\commons-compress\1.26.2\commons-compress-1.26.2.jar;C:\Users\mryzn\.m2\repository\commons-codec\commons-codec\1.17.0\commons-codec-1.17.0.jar;C:\Users\mryzn\.m2\repository\commons-io\commons-io\2.16.1\commons-io-2.16.1.jar;C:\Users\mryzn\.m2\repository\org\apache\httpcomponents\client5\httpclient5\5.2.1\httpclient5-5.2.1.jar;C:\Users\mryzn\.m2\repository\org\apache\httpcomponents\core5\httpcore5\5.2\httpcore5-5.2.jar;C:\Users\mryzn\.m2\repository\org\apache\httpcomponents\core5\httpcore5-h2\5.2\httpcore5-h2-5.2.jar;C:\Users\mryzn\.m2\repository\junit\junit\4.13.2\junit-4.13.2.jar;C:\Users\mryzn\.m2\repository\org\hamcrest\hamcrest-core\1.3\hamcrest-core-1.3.jar;C:\Users\mryzn\.m2\repository\org\seleniumhq\selenium\selenium-java\3.141.59\selenium-java-3.141.59.jar;C:\Users\mryzn\.m2\repository\org\seleniumhq\selenium\selenium-api\3.141.59\selenium-api-3.141.59.jar;C:\Users\mryzn\.m2\repository\org\seleniumhq\selenium\selenium-chrome-driver\3.141.59\selenium-chrome-driver-3.141.59.jar;C:\Users\mryzn\.m2\repository\org\seleniumhq\selenium\selenium-edge-driver\3.141.59\selenium-edge-driver-3.141.59.jar;C:\Users\mryzn\.m2\repository\org\seleniumhq\selenium\selenium-firefox-driver\3.141.59\selenium-firefox-driver-3.141.59.jar;C:\Users\mryzn\.m2\repository\org\seleniumhq\selenium\selenium-ie-driver\3.141.59\selenium-ie-driver-3.141.59.jar;C:\Users\mryzn\.m2\repository\org\seleniumhq\selenium\selenium-opera-driver\3.141.59\selenium-opera-driver-3.141.59.jar;C:\Users\mryzn\.m2\repository\org\seleniumhq\selenium\selenium-remote-driver\3.141.59\selenium-remote-driver-3.141.59.jar;C:\Users\mryzn\.m2\repository\org\seleniumhq\selenium\selenium-safari-driver\3.141.59\selenium-safari-driver-3.141.59.jar;C:\Users\mryzn\.m2\repository\org\seleniumhq\selenium\selenium-support\3.141.59\selenium-support-3.141.59.jar;C:\Users\mryzn\.m2\repository\net\bytebuddy\byte-buddy\1.8.15\byte-buddy-1.8.15.jar;C:\Users\mryzn\.m2\repository\org\apache\commons\commons-exec\1.3\commons-exec-1.3.jar;C:\Users\mryzn\.m2\repository\com\google\guava\guava\25.0-jre\guava-25.0-jre.jar;C:\Users\mryzn\.m2\repository\com\google\code\findbugs\jsr305\1.3.9\jsr305-1.3.9.jar;C:\Users\mryzn\.m2\repository\org\checkerframework\checker-compat-qual\2.0.0\checker-compat-qual-2.0.0.jar;C:\Users\mryzn\.m2\repository\com\google\j2objc\j2objc-annotations\1.1\j2objc-annotations-1.1.jar;C:\Users\mryzn\.m2\repository\org\codehaus\mojo\animal-sniffer-annotations\1.14\animal-sniffer-annotations-1.14.jar;C:\Users\mryzn\.m2\repository\com\squareup\okhttp3\okhttp\3.11.0\okhttp-3.11.0.jar;C:\Users\mryzn\.m2\repository\com\squareup\okio\okio\1.14.0\okio-1.14.0.jar;C:\Users\mryzn\.m2\repository\org\hamcrest\hamcrest\2.2\hamcrest-2.2.jar;C:\Users\mryzn\.m2\repository\io\qameta\allure\allure-cucumber7-jvm\2.29.1\allure-cucumber7-jvm-2.29.1.jar;C:\Users\mryzn\.m2\repository\io\qameta\allure\allure-java-commons\2.29.1\allure-java-commons-2.29.1.jar;C:\Users\mryzn\.m2\repository\io\qameta\allure\allure-model\2.29.1\allure-model-2.29.1.jar;"/>
    <property name="allure.results.directory" value="C:\repo\cucumberProject\target/allure-results"/>
    <property name="sun.cpu.endian" value="little"/>
    <property name="user.home" value="C:\Users\mryzn"/>
    <property name="user.language" value="tr"/>
    <property name="java.specification.vendor" value="Oracle Corporation"/>
    <property name="java.version.date" value="2024-10-15"/>
    <property name="java.home" value="C:\Program Files\Java\jdk-11"/>
    <property name="file.separator" value="\"/>
    <property name="basedir" value="C:\repo\cucumberProject"/>
    <property name="java.vm.compressedOopsMode" value="Zero based"/>
    <property name="line.separator" value="&#10;"/>
    <property name="java.specification.name" value="Java Platform API Specification"/>
    <property name="java.vm.specification.vendor" value="Oracle Corporation"/>
    <property name="java.awt.graphicsenv" value="sun.awt.Win32GraphicsEnvironment"/>
    <property name="surefire.real.class.path" value="C:\Users\mryzn\AppData\Local\Temp\surefire5221715099556861274\surefirebooter-20250202151904115_3.jar"/>
    <property name="user.script" value=""/>
    <property name="sun.management.compiler" value="HotSpot 64-Bit Tiered Compilers"/>
    <property name="java.runtime.version" value="11.0.25+9-LTS-256"/>
    <property name="user.name" value="mryzn"/>
    <property name="path.separator" value=";"/>
    <property name="os.version" value="10.0"/>
    <property name="java.runtime.name" value="Java(TM) SE Runtime Environment"/>
    <property name="file.encoding" value="Cp1254"/>
    <property name="java.vm.name" value="Java HotSpot(TM) 64-Bit Server VM"/>
    <property name="java.vendor.version" value="18.9"/>
    <property name="localRepository" value="C:\Users\mryzn\.m2\repository"/>
    <property name="java.vendor.url.bug" value="https://bugreport.java.com/bugreport/"/>
    <property name="java.io.tmpdir" value="C:\Users\mryzn\AppData\Local\Temp\"/>
    <property name="java.version" value="11.0.25"/>
    <property name="user.dir" value="C:\repo\cucumberProject"/>
    <property name="os.arch" value="amd64"/>
    <property name="java.vm.specification.name" value="Java Virtual Machine Specification"/>
    <property name="java.awt.printerjob" value="sun.awt.windows.WPrinterJob"/>
    <property name="sun.os.patch.level" value=""/>
    <property name="java.library.path" value="C:\Program Files\Java\jdk-11\bin;C:\WINDOWS\Sun\Java\bin;C:\WINDOWS\system32;C:\WINDOWS;C:\Program Files\Common Files\Oracle\Java\javapath;C:\WINDOWS\system32;C:\WINDOWS;C:\WINDOWS\System32\Wbem;C:\WINDOWS\System32\WindowsPowerShell\v1.0\;C:\WINDOWS\System32\OpenSSH\;C:\Program Files\nodejs\;C:\Program Files\Maven\apache-maven-3.9.9\bin;C:\Program Files\Gauge\bin;C:\Program Files\Git\cmd;C:\Users\mryzn\AppData\Local\Programs\Python\Python313\Scripts\;C:\Users\mryzn\AppData\Local\Programs\Python\Python313\;C:\Users\mryzn\AppData\Local\Microsoft\WindowsApps;C:\Users\mryzn\AppData\Local\JetBrains\IntelliJ IDEA 2023.3.1\bin;;C:\Users\mryzn\AppData\Roaming\npm;C:\Users\mryzn\AppData\Local\GitHubDesktop\bin;."/>
    <property name="java.vendor" value="Oracle Corporation"/>
    <property name="java.vm.info" value="mixed mode"/>
    <property name="java.vm.version" value="11.0.25+9-LTS-256"/>
    <property name="java.specification.maintenance.version" value="3"/>
    <property name="sun.io.unicode.encoding" value="UnicodeLittle"/>
    <property name="java.class.version" value="55.0"/>
  </properties>
  <testcase name="Add Money İşlemi" classname="Add Money İslemi" time="6.019">
    <system-out><![CDATA[
Scenario: Add Money Ä°ÅŸlemi                                                   # src/test/resources/Features/AddMoney.feature:4
  Given "https://catchylabs-webclient.testinium.com/signIn" adresine gidilir # StepDefinitions.LoginSteps.goToUrl(java.lang.String)
  When KullanÄ±cÄ± "mryyavuz" ve "test1234" bilgileriyle giriÅŸ yapar           # StepDefinitions.LoginSteps.kullaniciVeIleGirisYapar(java.lang.String,java.lang.String)
  Then SayfanÄ±n yÃ¼klendiÄŸi gÃ¶rÃ¼lÃ¼r                                           # StepDefinitions.LoginSteps.sayfaBasariliYuklendi()
  Given Open Money Transfer butonuna tÄ±klayÄ±n                                # StepDefinitions.TransferMoneyIslemiSteps.openMoneyButonunaTikla()
  Then My Account sayfasÄ±nÄ±n yÃ¼klendiÄŸi gÃ¶rÃ¼lÃ¼r                              # StepDefinitions.TransferMoneyIslemiSteps.mySayfaBasariliYuklendi()
  Given Add money butonuna tÄ±kla                                             # StepDefinitions.AddMoneySteps.addMoneyTikla()
Hata: 12 hane üzerinde kart numarası olamaz
  Given Card number alanÄ±na "12312312312311" degeri girilir                  # StepDefinitions.AddMoneySteps.cardNumberGiris(java.lang.String)
  Given Card holder alanÄ±na "Miray" degeri girilir                           # StepDefinitions.AddMoneySteps.cardHolderGiris(java.lang.String)
  Given Expiry date alanÄ± ay "10" degeri girilir                             # StepDefinitions.AddMoneySteps.expiryDateGiris(java.lang.String)
  Given Expiry date alanÄ±n yÄ±l "25" degeri girilir                           # StepDefinitions.AddMoneySteps.expiryDateGiris2(java.lang.String)
  Given CVV alanÄ±na "111" degeri girilir                                     # StepDefinitions.AddMoneySteps.cvvGiris(java.lang.String)
  Given Add money amonunt alanÄ±na 100 degerini gir                           # StepDefinitions.AddMoneySteps.amountGiris(int)
  When Add butonu aktif mi                                                   # StepDefinitions.AddMoneySteps.addButtonAktifMi()
  Given Add butonu tÄ±kla                                                     # StepDefinitions.AddMoneySteps.addButtonTikla()
]]></system-out>
    <system-err><![CDATA[SLF4J(W): No SLF4J providers were found.
SLF4J(W): Defaulting to no-operation (NOP) logger implementation
SLF4J(W): See https://www.slf4j.org/codes.html#noProviders for further details.
Starting ChromeDriver 132.0.6834.159 (2d77d3fc4452661469b78f115e0aed4d71269739-refs/branch-heads/6834@{#4408}) on port 26146
Only local connections are allowed.
Please see https://chromedriver.chromium.org/security-considerations for suggestions on keeping ChromeDriver safe.
ChromeDriver was started successfully on port 26146.
Şub 02, 2025 3:19:08 ÖS org.openqa.selenium.remote.ProtocolHandshake createSession
INFO: Detected dialect: W3C
]]></system-err>
  </testcase>
  <testcase name="Edit Account İşlemi" classname="Edit Account İşlemi" time="1.726">
    <system-out><![CDATA[
Scenario: Edit Account Ä°ÅŸlemi                                                # src/test/resources/Features/EditAccount.feature:4
  Given "https://catchylabs-webclient.testinium.com/signIn" adresine gidilir # StepDefinitions.LoginSteps.goToUrl(java.lang.String)
Username alanı bulunamadı!
no such element: Unable to locate element: {"method":"xpath","selector":"//input[contains(@placeholder,'Username')]"}
  (Session info: chrome=132.0.6834.160)
For documentation on this error, please visit: https://www.seleniumhq.org/exceptions/no_such_element.html
Build info: version: '3.141.59', revision: 'e82be7d358', time: '2018-11-14T08:17:03'
System info: host: 'HUAWEI', ip: '192.168.1.89', os.name: 'Windows 11', os.arch: 'amd64', os.version: '10.0', java.version: '11.0.25'
Driver info: org.openqa.selenium.chrome.ChromeDriver
Capabilities {acceptInsecureCerts: false, browserName: chrome, browserVersion: 132.0.6834.160, chrome: {chromedriverVersion: 132.0.6834.159 (2d77d3fc445..., userDataDir: C:\Users\mryzn\AppData\Loca...}, fedcm:accounts: true, goog:chromeOptions: {debuggerAddress: localhost:9392}, javascriptEnabled: true, networkConnectionEnabled: false, pageLoadStrategy: normal, platform: WINDOWS, platformName: WINDOWS, proxy: Proxy(), setWindowRect: true, strictFileInteractability: false, timeouts: {implicit: 0, pageLoad: 300000, script: 30000}, unhandledPromptBehavior: dismiss and notify, webauthn:extension:credBlob: true, webauthn:extension:largeBlob: true, webauthn:extension:minPinLength: true, webauthn:extension:prf: true, webauthn:virtualAuthenticators: true}
Session ID: e07a4dd9db48db2c165f0bfc98c9a212
*** Element info: {Using=xpath, value=//input[contains(@placeholder,'Username')]}
  When KullanÄ±cÄ± "mryyavuz" ve "test1234" bilgileriyle giriÅŸ yapar           # StepDefinitions.LoginSteps.kullaniciVeIleGirisYapar(java.lang.String,java.lang.String)
  Then SayfanÄ±n yÃ¼klendiÄŸi gÃ¶rÃ¼lÃ¼r                                           # StepDefinitions.LoginSteps.sayfaBasariliYuklendi()
  Given Open Money Transfer butonuna tÄ±klayÄ±n                                # StepDefinitions.TransferMoneyIslemiSteps.openMoneyButonunaTikla()
  Given Edit account butonuna tÄ±klanÄ±r                                       # StepDefinitions.EditAccount.editAccountTikla()
  Given Account name alanÄ±na "name" degeri girilir                           # StepDefinitions.EditAccount.accountName(java.lang.String)
  Then Update butonu aktif mi                                                # StepDefinitions.EditAccount.updateButonAktifMi()
  Given Update butonu tÄ±kla                                                  # StepDefinitions.EditAccount.updateButonTikla()
]]></system-out>
  </testcase>
  <testcase name="Geçerli bilgilerle giriş yapma" classname="Kullanıcı Girişi" time="0.675">
    <system-out><![CDATA[
Scenario: GeÃ§erli bilgilerle giriÅŸ yapma                                     # src/test/resources/Features/Login.feature:4
  Given "https://catchylabs-webclient.testinium.com/signIn" adresine gidilir # StepDefinitions.LoginSteps.goToUrl(java.lang.String)
Username alanı bulunamadı!
no such element: Unable to locate element: {"method":"xpath","selector":"//input[contains(@placeholder,'Username')]"}
  (Session info: chrome=132.0.6834.160)
For documentation on this error, please visit: https://www.seleniumhq.org/exceptions/no_such_element.html
Build info: version: '3.141.59', revision: 'e82be7d358', time: '2018-11-14T08:17:03'
System info: host: 'HUAWEI', ip: '192.168.1.89', os.name: 'Windows 11', os.arch: 'amd64', os.version: '10.0', java.version: '11.0.25'
Driver info: org.openqa.selenium.chrome.ChromeDriver
Capabilities {acceptInsecureCerts: false, browserName: chrome, browserVersion: 132.0.6834.160, chrome: {chromedriverVersion: 132.0.6834.159 (2d77d3fc445..., userDataDir: C:\Users\mryzn\AppData\Loca...}, fedcm:accounts: true, goog:chromeOptions: {debuggerAddress: localhost:9392}, javascriptEnabled: true, networkConnectionEnabled: false, pageLoadStrategy: normal, platform: WINDOWS, platformName: WINDOWS, proxy: Proxy(), setWindowRect: true, strictFileInteractability: false, timeouts: {implicit: 0, pageLoad: 300000, script: 30000}, unhandledPromptBehavior: dismiss and notify, webauthn:extension:credBlob: true, webauthn:extension:largeBlob: true, webauthn:extension:minPinLength: true, webauthn:extension:prf: true, webauthn:virtualAuthenticators: true}
Session ID: e07a4dd9db48db2c165f0bfc98c9a212
*** Element info: {Using=xpath, value=//input[contains(@placeholder,'Username')]}
  When KullanÄ±cÄ± "mryyavuz" ve "test1234" bilgileriyle giriÅŸ yapar           # StepDefinitions.LoginSteps.kullaniciVeIleGirisYapar(java.lang.String,java.lang.String)
  Then SayfanÄ±n yÃ¼klendiÄŸi gÃ¶rÃ¼lÃ¼r                                           # StepDefinitions.LoginSteps.sayfaBasariliYuklendi()
]]></system-out>
  </testcase>
  <testcase name="Transfer Money İşlemi" classname="Transfer Money İslemi" time="2.259">
    <system-out><![CDATA[
Scenario: Transfer Money Ä°ÅŸlemi                                              # src/test/resources/Features/TransferMoneyIslemi.feature:4
  Given "https://catchylabs-webclient.testinium.com/signIn" adresine gidilir # StepDefinitions.LoginSteps.goToUrl(java.lang.String)
Username alanı bulunamadı!
no such element: Unable to locate element: {"method":"xpath","selector":"//input[contains(@placeholder,'Username')]"}
  (Session info: chrome=132.0.6834.160)
For documentation on this error, please visit: https://www.seleniumhq.org/exceptions/no_such_element.html
Build info: version: '3.141.59', revision: 'e82be7d358', time: '2018-11-14T08:17:03'
System info: host: 'HUAWEI', ip: '192.168.1.89', os.name: 'Windows 11', os.arch: 'amd64', os.version: '10.0', java.version: '11.0.25'
Driver info: org.openqa.selenium.chrome.ChromeDriver
Capabilities {acceptInsecureCerts: false, browserName: chrome, browserVersion: 132.0.6834.160, chrome: {chromedriverVersion: 132.0.6834.159 (2d77d3fc445..., userDataDir: C:\Users\mryzn\AppData\Loca...}, fedcm:accounts: true, goog:chromeOptions: {debuggerAddress: localhost:9392}, javascriptEnabled: true, networkConnectionEnabled: false, pageLoadStrategy: normal, platform: WINDOWS, platformName: WINDOWS, proxy: Proxy(), setWindowRect: true, strictFileInteractability: false, timeouts: {implicit: 0, pageLoad: 300000, script: 30000}, unhandledPromptBehavior: dismiss and notify, webauthn:extension:credBlob: true, webauthn:extension:largeBlob: true, webauthn:extension:minPinLength: true, webauthn:extension:prf: true, webauthn:virtualAuthenticators: true}
Session ID: e07a4dd9db48db2c165f0bfc98c9a212
*** Element info: {Using=xpath, value=//input[contains(@placeholder,'Username')]}
  When KullanÄ±cÄ± "mryyavuz" ve "test1234" bilgileriyle giriÅŸ yapar           # StepDefinitions.LoginSteps.kullaniciVeIleGirisYapar(java.lang.String,java.lang.String)
  Then SayfanÄ±n yÃ¼klendiÄŸi gÃ¶rÃ¼lÃ¼r                                           # StepDefinitions.LoginSteps.sayfaBasariliYuklendi()
  Given Open Money Transfer butonuna tÄ±klayÄ±n                                # StepDefinitions.TransferMoneyIslemiSteps.openMoneyButonunaTikla()
  Then My Account sayfasÄ±nÄ±n yÃ¼klendiÄŸi gÃ¶rÃ¼lÃ¼r                              # StepDefinitions.TransferMoneyIslemiSteps.mySayfaBasariliYuklendi()
  Given Transfer Money butonuna tÄ±klayÄ±n                                     # StepDefinitions.TransferMoneyIslemiSteps.transferMoneyButtonTikla()
  When Sender account alanÄ±n dolu oldugu kontrol edilir                      # StepDefinitions.TransferMoneyIslemiSteps.senderAccountDolu()
  When Receiver account alanÄ±n dolu olugu kontrol edilir                     # StepDefinitions.TransferMoneyIslemiSteps.recevierAccountDolu()
  Given Transfer money amount alanÄ±na 50 degeri gir                          # StepDefinitions.TransferMoneyIslemiSteps.amonuntDegerGir(int)
  When Transfer money send butonu tÄ±klanabilir mi                            # StepDefinitions.TransferMoneyIslemiSteps.sendAktifMi()
  Given Transfer Send butonu aktif ise tÄ±kla                                 # StepDefinitions.TransferMoneyIslemiSteps.sendButonTikla()
  Then My Account sayfasÄ±nÄ±n yÃ¼klendiÄŸi gÃ¶rÃ¼lÃ¼r                              # StepDefinitions.TransferMoneyIslemiSteps.mySayfaBasariliYuklendi()
]]></system-out>
  </testcase>
</testsuite>